2026-06-20T14:03:14.346+02:00  INFO 4340 --- [main] com.company.task.TaskApplication         : Starting TaskApplication using Java 26.0.1 with PID 4340 (/Users/waldren/Desktop/Projects/Springboot Roadmap/Week 7- Introduction to Spring Boot/Task/target/classes started by waldren in /Users/waldren/Desktop/Projects/Springboot Roadmap/Week 7- Introduction to Spring Boot/Task)
2026-06-20T14:03:14.346+02:00  INFO 4340 --- [main] com.company.task.TaskApplication         : No active profile set, falling back to 1 default profile: "default"
2026-06-20T14:03:14.525+02:00  INFO 4340 --- [main] .s.d.r.c.RepositoryConfigurationDelegate : Bootstrapping Spring Data JPA repositories in DEFAULT mode.
2026-06-20T14:03:14.541+02:00  INFO 4340 --- [main] .s.d.r.c.RepositoryConfigurationDelegate : Finished Spring Data repository scanning in 13 ms. Found 1 JPA repository interface.
2026-06-20T14:03:14.673+02:00  INFO 4340 --- [main] o.s.boot.tomcat.TomcatWebServer          : Tomcat initialized with port 8080 (http)
2026-06-20T14:03:14.677+02:00  INFO 4340 --- [main] o.apache.catalina.core.StandardService   : Starting service [Tomcat]
2026-06-20T14:03:14.677+02:00  INFO 4340 --- [main] o.apache.catalina.core.StandardEngine    : Starting Servlet engine: [Apache Tomcat/11.0.22]
2026-06-20T14:03:14.692+02:00  INFO 4340 --- [main] b.w.c.s.WebApplicationContextInitializer : Root WebApplicationContext: initialization completed in 332 ms
2026-06-20T14:03:14.742+02:00  INFO 4340 --- [main] org.hibernate.orm.jpa                    : HHH008540: Processing PersistenceUnitInfo [name: default]
2026-06-20T14:03:14.759+02:00  INFO 4340 --- [main] org.hibernate.orm.core                   : HHH000001: Hibernate ORM core version 7.4.1.Final
2026-06-20T14:03:14.884+02:00  INFO 4340 --- [main] o.s.o.j.p.SpringPersistenceUnitInfo      : No LoadTimeWeaver setup: ignoring JPA class transformer
2026-06-20T14:03:14.893+02:00  INFO 4340 --- [main] com.zaxxer.hikari.HikariDataSource       : HikariPool-1 - Starting...
2026-06-20T14:03:14.947+02:00  INFO 4340 --- [main] com.zaxxer.hikari.pool.HikariPool        : HikariPool-1 - Added connection org.postgresql.jdbc.PgConnection@6c66ddab
2026-06-20T14:03:14.948+02:00  INFO 4340 --- [main] com.zaxxer.hikari.HikariDataSource       : HikariPool-1 - Start completed.
2026-06-20T14:03:14.958+02:00  WARN 4340 --- [main] org.hibernate.orm.deprecation            : HHH90000025: PostgreSQLDialect does not need to be specified explicitly using 'hibernate.dialect' (remove the property setting and it will be selected by default)
2026-06-20T14:03:14.965+02:00  INFO 4340 --- [main] org.hibernate.orm.connections.pooling    : HHH10001005: Database info:
	Database JDBC URL [jdbc:postgresql://localhost:5432/book]
	Database driver: PostgreSQL JDBC Driver
	Database dialect: PostgreSQLDialect
	Database version: 18.4
	Default catalog/schema: book/public
	Autocommit mode: undefined/unknown
	Isolation level: READ_COMMITTED [default READ_COMMITTED]
	JDBC fetch size: none
	Pool: DataSourceConnectionProvider
	Minimum pool size: undefined/unknown
	Maximum pool size: undefined/unknown
2026-06-20T14:03:15.233+02:00  INFO 4340 --- [main] org.hibernate.orm.core                   : HHH000489: No JTA platform available (set 'hibernate.transaction.jta.platform' to enable JTA platform integration)
2026-06-20T14:03:15.262+02:00  WARN 4340 --- [main] org.hibernate.orm.jdbc.warn              : HHH000247: ErrorCode: 0, SQLState: 00000
2026-06-20T14:03:15.262+02:00  WARN 4340 --- [main] org.hibernate.orm.jdbc.warn              : constraint "uk5mtto2jcmfrwfg0p1ui8mnweu" of relation "books" does not exist, skipping
2026-06-20T14:03:15.263+02:00  INFO 4340 --- [main] j.LocalContainerEntityManagerFactoryBean : Initialized JPA EntityManagerFactory for persistence unit 'default'
2026-06-20T14:03:15.288+02:00  INFO 4340 --- [main] o.s.d.j.r.query.QueryEnhancerFactories   : Hibernate is in classpath; If applicable, HQL parser will be used.
2026-06-20T14:03:15.362+02:00  WARN 4340 --- [main] JpaBaseConfiguration$JpaWebConfiguration : spring.jpa.open-in-view is enabled by default. Therefore, database queries may be performed during view rendering. Explicitly configure spring.jpa.open-in-view to disable this warning
2026-06-20T14:03:15.462+02:00  INFO 4340 --- [main] o.s.boot.tomcat.TomcatWebServer          : Tomcat started on port 8080 (http) with context path '/'
2026-06-20T14:03:15.464+02:00  INFO 4340 --- [main] com.company.task.TaskApplication         : Started TaskApplication in 1.235 seconds (process running for 1.531)
2026-06-20T14:22:01.274+02:00  INFO 4340 --- [SpringApplicationShutdownHook] o.s.boot.tomcat.GracefulShutdown         : Commencing graceful shutdown. Waiting for active requests to complete
2026-06-20T14:22:01.277+02:00  INFO 4340 --- [tomcat-shutdown] o.s.boot.tomcat.GracefulShutdown         : Graceful shutdown complete
2026-06-20T14:22:01.280+02:00  INFO 4340 --- [SpringApplicationShutdownHook] j.LocalContainerEntityManagerFactoryBean : Closing JPA EntityManagerFactory for persistence unit 'default'
2026-06-20T14:22:01.281+02:00  INFO 4340 --- [SpringApplicationShutdownHook] com.zaxxer.hikari.HikariDataSource       : HikariPool-1 - Shutdown initiated...
2026-06-20T14:22:01.282+02:00  INFO 4340 --- [SpringApplicationShutdownHook] com.zaxxer.hikari.HikariDataSource       : HikariPool-1 - Shutdown completed.
2026-06-20T14:22:03.118+02:00  INFO 4703 --- [main] com.company.task.TaskApplication         : Starting TaskApplication using Java 26.0.1 with PID 4703 (/Users/waldren/Desktop/Projects/Springboot Roadmap/Week 7- Introduction to Spring Boot/Task/target/classes started by waldren in /Users/waldren/Desktop/Projects/Springboot Roadmap/Week 7- Introduction to Spring Boot/Task)
2026-06-20T14:22:03.119+02:00  INFO 4703 --- [main] com.company.task.TaskApplication         : No active profile set, falling back to 1 default profile: "default"
2026-06-20T14:22:03.304+02:00  INFO 4703 --- [main] .s.d.r.c.RepositoryConfigurationDelegate : Bootstrapping Spring Data JPA repositories in DEFAULT mode.
2026-06-20T14:22:03.320+02:00  INFO 4703 --- [main] .s.d.r.c.RepositoryConfigurationDelegate : Finished Spring Data repository scanning in 13 ms. Found 1 JPA repository interface.
2026-06-20T14:22:03.452+02:00  INFO 4703 --- [main] o.s.boot.tomcat.TomcatWebServer          : Tomcat initialized with port 8080 (http)
2026-06-20T14:22:03.456+02:00  INFO 4703 --- [main] o.apache.catalina.core.StandardService   : Starting service [Tomcat]
2026-06-20T14:22:03.456+02:00  INFO 4703 --- [main] o.apache.catalina.core.StandardEngine    : Starting Servlet engine: [Apache Tomcat/11.0.22]
2026-06-20T14:22:03.467+02:00  INFO 4703 --- [main] b.w.c.s.WebApplicationContextInitializer : Root WebApplicationContext: initialization completed in 334 ms
2026-06-20T14:22:03.517+02:00  INFO 4703 --- [main] org.hibernate.orm.jpa                    : HHH008540: Processing PersistenceUnitInfo [name: default]
2026-06-20T14:22:03.534+02:00  INFO 4703 --- [main] org.hibernate.orm.core                   : HHH000001: Hibernate ORM core version 7.4.1.Final
2026-06-20T14:22:03.661+02:00  INFO 4703 --- [main] o.s.o.j.p.SpringPersistenceUnitInfo      : No LoadTimeWeaver setup: ignoring JPA class transformer
2026-06-20T14:22:03.670+02:00  INFO 4703 --- [main] com.zaxxer.hikari.HikariDataSource       : HikariPool-1 - Starting...
2026-06-20T14:22:03.727+02:00  INFO 4703 --- [main] com.zaxxer.hikari.pool.HikariPool        : HikariPool-1 - Added connection org.postgresql.jdbc.PgConnection@5fb44964
2026-06-20T14:22:03.728+02:00  INFO 4703 --- [main] com.zaxxer.hikari.HikariDataSource       : HikariPool-1 - Start completed.
2026-06-20T14:22:03.739+02:00  WARN 4703 --- [main] org.hibernate.orm.deprecation            : HHH90000025: PostgreSQLDialect does not need to be specified explicitly using 'hibernate.dialect' (remove the property setting and it will be selected by default)
2026-06-20T14:22:03.746+02:00  INFO 4703 --- [main] org.hibernate.orm.connections.pooling    : HHH10001005: Database info:
	Database JDBC URL [jdbc:postgresql://localhost:5432/book]
	Database driver: PostgreSQL JDBC Driver
	Database dialect: PostgreSQLDialect
	Database version: 18.4
	Default catalog/schema: book/public
	Autocommit mode: undefined/unknown
	Isolation level: READ_COMMITTED [default READ_COMMITTED]
	JDBC fetch size: none
	Pool: DataSourceConnectionProvider
	Minimum pool size: undefined/unknown
	Maximum pool size: undefined/unknown
2026-06-20T14:22:04.011+02:00  INFO 4703 --- [main] org.hibernate.orm.core                   : HHH000489: No JTA platform available (set 'hibernate.transaction.jta.platform' to enable JTA platform integration)
2026-06-20T14:22:04.038+02:00  INFO 4703 --- [main] j.LocalContainerEntityManagerFactoryBean : Initialized JPA EntityManagerFactory for persistence unit 'default'
2026-06-20T14:22:04.064+02:00  INFO 4703 --- [main] o.s.d.j.r.query.QueryEnhancerFactories   : Hibernate is in classpath; If applicable, HQL parser will be used.
2026-06-20T14:22:04.129+02:00  WARN 4703 --- [main] JpaBaseConfiguration$JpaWebConfiguration : spring.jpa.open-in-view is enabled by default. Therefore, database queries may be performed during view rendering. Explicitly configure spring.jpa.open-in-view to disable this warning
2026-06-20T14:22:04.227+02:00  INFO 4703 --- [main] o.s.boot.tomcat.TomcatWebServer          : Tomcat started on port 8080 (http) with context path '/'
2026-06-20T14:22:04.229+02:00  INFO 4703 --- [main] com.company.task.TaskApplication         : Started TaskApplication in 1.249 seconds (process running for 1.482)
2026-06-20T14:22:10.236+02:00  INFO 4703 --- [SpringApplicationShutdownHook] o.s.boot.tomcat.GracefulShutdown         : Commencing graceful shutdown. Waiting for active requests to complete
2026-06-20T14:22:10.237+02:00  INFO 4703 --- [tomcat-shutdown] o.s.boot.tomcat.GracefulShutdown         : Graceful shutdown complete
2026-06-20T14:22:10.240+02:00  INFO 4703 --- [SpringApplicationShutdownHook] j.LocalContainerEntityManagerFactoryBean : Closing JPA EntityManagerFactory for persistence unit 'default'
2026-06-20T14:22:10.241+02:00  INFO 4703 --- [SpringApplicationShutdownHook] com.zaxxer.hikari.HikariDataSource       : HikariPool-1 - Shutdown initiated...
2026-06-20T14:22:10.242+02:00  INFO 4703 --- [SpringApplicationShutdownHook] com.zaxxer.hikari.HikariDataSource       : HikariPool-1 - Shutdown completed.
2026-06-20T14:22:34.062+02:00  INFO 5109 --- [main] com.company.task.TaskApplicationTests    : Starting TaskApplicationTests using Java 26.0.1 with PID 5109 (started by waldren in /Users/waldren/Desktop/Projects/Springboot Roadmap/Week 7- Introduction to Spring Boot/Task)
2026-06-20T14:22:34.062+02:00  INFO 5109 --- [main] com.company.task.TaskApplicationTests    : No active profile set, falling back to 1 default profile: "default"
2026-06-20T14:22:34.289+02:00  INFO 5109 --- [main] .s.d.r.c.RepositoryConfigurationDelegate : Bootstrapping Spring Data JPA repositories in DEFAULT mode.
2026-06-20T14:22:34.310+02:00  INFO 5109 --- [main] .s.d.r.c.RepositoryConfigurationDelegate : Finished Spring Data repository scanning in 17 ms. Found 1 JPA repository interface.
2026-06-20T14:22:34.461+02:00  INFO 5109 --- [main] org.hibernate.orm.jpa                    : HHH008540: Processing PersistenceUnitInfo [name: default]
2026-06-20T14:22:34.486+02:00  INFO 5109 --- [main] org.hibernate.orm.core                   : HHH000001: Hibernate ORM core version 7.4.1.Final
2026-06-20T14:22:34.626+02:00  INFO 5109 --- [main] o.s.o.j.p.SpringPersistenceUnitInfo      : No LoadTimeWeaver setup: ignoring JPA class transformer
2026-06-20T14:22:34.637+02:00  INFO 5109 --- [main] com.zaxxer.hikari.HikariDataSource       : HikariPool-1 - Starting...
2026-06-20T14:22:34.706+02:00  INFO 5109 --- [main] com.zaxxer.hikari.pool.HikariPool        : HikariPool-1 - Added connection org.postgresql.jdbc.PgConnection@775edae0
2026-06-20T14:22:34.706+02:00  INFO 5109 --- [main] com.zaxxer.hikari.HikariDataSource       : HikariPool-1 - Start completed.
2026-06-20T14:22:34.717+02:00  WARN 5109 --- [main] org.hibernate.orm.deprecation            : HHH90000025: PostgreSQLDialect does not need to be specified explicitly using 'hibernate.dialect' (remove the property setting and it will be selected by default)
2026-06-20T14:22:34.724+02:00  INFO 5109 --- [main] org.hibernate.orm.connections.pooling    : HHH10001005: Database info:
	Database JDBC URL [jdbc:postgresql://localhost:5432/book]
	Database driver: PostgreSQL JDBC Driver
	Database dialect: PostgreSQLDialect
	Database version: 18.4
	Default catalog/schema: book/public
	Autocommit mode: undefined/unknown
	Isolation level: READ_COMMITTED [default READ_COMMITTED]
	JDBC fetch size: none
	Pool: DataSourceConnectionProvider
	Minimum pool size: undefined/unknown
	Maximum pool size: undefined/unknown
2026-06-20T14:22:35.004+02:00  INFO 5109 --- [main] org.hibernate.orm.core                   : HHH000489: No JTA platform available (set 'hibernate.transaction.jta.platform' to enable JTA platform integration)
2026-06-20T14:22:35.027+02:00  INFO 5109 --- [main] j.LocalContainerEntityManagerFactoryBean : Initialized JPA EntityManagerFactory for persistence unit 'default'
2026-06-20T14:22:35.055+02:00  INFO 5109 --- [main] o.s.d.j.r.query.QueryEnhancerFactories   : Hibernate is in classpath; If applicable, HQL parser will be used.
2026-06-20T14:22:35.143+02:00  WARN 5109 --- [main] JpaBaseConfiguration$JpaWebConfiguration : spring.jpa.open-in-view is enabled by default. Therefore, database queries may be performed during view rendering. Explicitly configure spring.jpa.open-in-view to disable this warning
2026-06-20T14:22:35.280+02:00  INFO 5109 --- [main] com.company.task.TaskApplicationTests    : Started TaskApplicationTests in 1.319 seconds (process running for 1.68)
2026-06-20T14:22:35.633+02:00  INFO 5109 --- [SpringApplicationShutdownHook] j.LocalContainerEntityManagerFactoryBean : Closing JPA EntityManagerFactory for persistence unit 'default'
2026-06-20T14:22:35.635+02:00  INFO 5109 --- [SpringApplicationShutdownHook] com.zaxxer.hikari.HikariDataSource       : HikariPool-1 - Shutdown initiated...
2026-06-20T14:22:35.637+02:00  INFO 5109 --- [SpringApplicationShutdownHook] com.zaxxer.hikari.HikariDataSource       : HikariPool-1 - Shutdown completed.
2026-06-20T14:27:30.420+02:00  INFO 5321 --- [main] com.company.task.TaskApplication         : Starting TaskApplication using Java 26.0.1 with PID 5321 (/Users/waldren/Desktop/Projects/Springboot Roadmap/Week 7- Introduction to Spring Boot/Task/target/classes started by waldren in /Users/waldren/Desktop/Projects/Springboot Roadmap/Week 7- Introduction to Spring Boot/Task)
2026-06-20T14:27:30.421+02:00  INFO 5321 --- [main] com.company.task.TaskApplication         : No active profile set, falling back to 1 default profile: "default"
2026-06-20T14:27:30.615+02:00  INFO 5321 --- [main] .s.d.r.c.RepositoryConfigurationDelegate : Bootstrapping Spring Data JPA repositories in DEFAULT mode.
2026-06-20T14:27:30.630+02:00  INFO 5321 --- [main] .s.d.r.c.RepositoryConfigurationDelegate : Finished Spring Data repository scanning in 12 ms. Found 1 JPA repository interface.
2026-06-20T14:27:30.762+02:00  INFO 5321 --- [main] o.s.boot.tomcat.TomcatWebServer          : Tomcat initialized with port 8080 (http)
2026-06-20T14:27:30.766+02:00  INFO 5321 --- [main] o.apache.catalina.core.StandardService   : Starting service [Tomcat]
2026-06-20T14:27:30.766+02:00  INFO 5321 --- [main] o.apache.catalina.core.StandardEngine    : Starting Servlet engine: [Apache Tomcat/11.0.22]
2026-06-20T14:27:30.778+02:00  INFO 5321 --- [main] b.w.c.s.WebApplicationContextInitializer : Root WebApplicationContext: initialization completed in 343 ms
2026-06-20T14:27:30.828+02:00  INFO 5321 --- [main] org.hibernate.orm.jpa                    : HHH008540: Processing PersistenceUnitInfo [name: default]
2026-06-20T14:27:30.843+02:00  INFO 5321 --- [main] org.hibernate.orm.core                   : HHH000001: Hibernate ORM core version 7.4.1.Final
2026-06-20T14:27:30.987+02:00  INFO 5321 --- [main] o.s.o.j.p.SpringPersistenceUnitInfo      : No LoadTimeWeaver setup: ignoring JPA class transformer
2026-06-20T14:27:30.997+02:00  INFO 5321 --- [main] com.zaxxer.hikari.HikariDataSource       : HikariPool-1 - Starting...
2026-06-20T14:27:31.056+02:00  INFO 5321 --- [main] com.zaxxer.hikari.pool.HikariPool        : HikariPool-1 - Added connection org.postgresql.jdbc.PgConnection@63b4b9c6
2026-06-20T14:27:31.057+02:00  INFO 5321 --- [main] com.zaxxer.hikari.HikariDataSource       : HikariPool-1 - Start completed.
2026-06-20T14:27:31.066+02:00  WARN 5321 --- [main] org.hibernate.orm.deprecation            : HHH90000025: PostgreSQLDialect does not need to be specified explicitly using 'hibernate.dialect' (remove the property setting and it will be selected by default)
2026-06-20T14:27:31.074+02:00  INFO 5321 --- [main] org.hibernate.orm.connections.pooling    : HHH10001005: Database info:
	Database JDBC URL [jdbc:postgresql://localhost:5432/book]
	Database driver: PostgreSQL JDBC Driver
	Database dialect: PostgreSQLDialect
	Database version: 18.4
	Default catalog/schema: book/public
	Autocommit mode: undefined/unknown
	Isolation level: READ_COMMITTED [default READ_COMMITTED]
	JDBC fetch size: none
	Pool: DataSourceConnectionProvider
	Minimum pool size: undefined/unknown
	Maximum pool size: undefined/unknown
2026-06-20T14:27:31.331+02:00  INFO 5321 --- [main] org.hibernate.orm.core                   : HHH000489: No JTA platform available (set 'hibernate.transaction.jta.platform' to enable JTA platform integration)
2026-06-20T14:27:31.356+02:00  INFO 5321 --- [main] j.LocalContainerEntityManagerFactoryBean : Initialized JPA EntityManagerFactory for persistence unit 'default'
2026-06-20T14:27:31.383+02:00  INFO 5321 --- [main] o.s.d.j.r.query.QueryEnhancerFactories   : Hibernate is in classpath; If applicable, HQL parser will be used.
2026-06-20T14:27:31.458+02:00  WARN 5321 --- [main] JpaBaseConfiguration$JpaWebConfiguration : spring.jpa.open-in-view is enabled by default. Therefore, database queries may be performed during view rendering. Explicitly configure spring.jpa.open-in-view to disable this warning
2026-06-20T14:27:31.567+02:00  INFO 5321 --- [main] o.s.boot.tomcat.TomcatWebServer          : Tomcat started on port 8080 (http) with context path '/'
2026-06-20T14:27:31.570+02:00  INFO 5321 --- [main] com.company.task.TaskApplication         : Started TaskApplication in 1.276 seconds (process running for 1.506)
2026-06-20T14:27:37.670+02:00  INFO 5321 --- [http-nio-8080-exec-1] o.a.c.c.C.[Tomcat].[localhost].[/]       : Initializing Spring DispatcherServlet 'dispatcherServlet'
2026-06-20T14:27:37.670+02:00  INFO 5321 --- [http-nio-8080-exec-1] o.s.web.servlet.DispatcherServlet        : Initializing Servlet 'dispatcherServlet'
2026-06-20T14:27:37.671+02:00  INFO 5321 --- [http-nio-8080-exec-1] o.s.web.servlet.DispatcherServlet        : Completed initialization in 1 ms
2026-06-20T14:27:37.725+02:00  INFO 5321 --- [http-nio-8080-exec-1] com.company.task.book.BookController     : Richiesta di creazione nuovo libro ricevuta.
2026-06-20T14:27:37.725+02:00 TRACE 5321 --- [http-nio-8080-exec-1] com.company.task.book.BookController     : Payload DTO ricevuto: BookRequestDTO[title=Un Nuovo Libro Fantastico, author=Naomi Kritzer, price=19.99]
2026-06-20T14:27:37.760+02:00  INFO 5321 --- [http-nio-8080-exec-1] com.company.task.book.BookController     : Libro creato con successo con ID: 22
2026-06-20T14:27:42.296+02:00  INFO 5321 --- [http-nio-8080-exec-2] com.company.task.book.BookController     : Richiesta di recupero della lista dei libri.
2026-06-20T14:28:38.429+02:00  INFO 5321 --- [SpringApplicationShutdownHook] o.s.boot.tomcat.GracefulShutdown         : Commencing graceful shutdown. Waiting for active requests to complete
2026-06-20T14:28:38.431+02:00  INFO 5321 --- [tomcat-shutdown] o.s.boot.tomcat.GracefulShutdown         : Graceful shutdown complete
2026-06-20T14:28:38.433+02:00  INFO 5321 --- [SpringApplicationShutdownHook] j.LocalContainerEntityManagerFactoryBean : Closing JPA EntityManagerFactory for persistence unit 'default'
2026-06-20T14:28:38.434+02:00  INFO 5321 --- [SpringApplicationShutdownHook] com.zaxxer.hikari.HikariDataSource       : HikariPool-1 - Shutdown initiated...
2026-06-20T14:28:38.435+02:00  INFO 5321 --- [SpringApplicationShutdownHook] com.zaxxer.hikari.HikariDataSource       : HikariPool-1 - Shutdown completed.
